Gurobi Optimizer version 9.0.0 build v9.0.0rc2 (linux64)
Optimize a model with 5501 rows, 3633576 columns and 12287800 nonzeros
Model fingerprint: 0xdb53fe81
Variable types: 0 continuous, 3633576 integer (3633576 binary)
Coefficient statistics:
  Matrix range     [1e+00, 4e+03]
  Objective range  [3e-02, 4e+09]
  Bounds range     [1e+00, 1e+00]
  RHS range        [1e+00, 6e+04]
Warning: Model contains large objective coefficients
         Consider reformulating model or setting NumericFocus parameter
         to avoid numerical issues.

User MIP start produced solution with objective 68980.3 (5.47s)
Loaded user MIP start with objective 68980.3
Processed MIP start in 6.63 seconds

Presolve removed 0 rows and 35976 columns (presolve time = 8s) ...
Presolve removed 0 rows and 35976 columns (presolve time = 12s) ...
Presolve removed 0 rows and 35976 columns (presolve time = 16s) ...
Presolve removed 0 rows and 35976 columns (presolve time = 20s) ...
Presolve removed 0 rows and 35976 columns (presolve time = 25s) ...
Presolve removed 0 rows and 35976 columns (presolve time = 30s) ...
Presolve removed 0 rows and 35976 columns (presolve time = 35s) ...
Presolve removed 0 rows and 35976 columns (presolve time = 40s) ...
Presolve removed 0 rows and 35976 columns (presolve time = 45s) ...
Presolve removed 0 rows and 35976 columns (presolve time = 50s) ...
Presolve removed 0 rows and 35976 columns (presolve time = 55s) ...
Presolve removed 0 rows and 35976 columns (presolve time = 60s) ...
Presolve removed 0 rows and 35976 columns (presolve time = 65s) ...
Presolve removed 0 rows and 35976 columns (presolve time = 70s) ...
Presolve removed 0 rows and 35976 columns (presolve time = 75s) ...
Presolve removed 0 rows and 35976 columns (presolve time = 80s) ...
Presolve removed 100 rows and 36075 columns (presolve time = 86s) ...
Presolve removed 100 rows and 36075 columns (presolve time = 92s) ...
Presolve removed 100 rows and 36075 columns (presolve time = 96s) ...
Presolve removed 100 rows and 36075 columns (presolve time = 100s) ...
Presolve removed 100 rows and 42572 columns (presolve time = 105s) ...
Presolve removed 100 rows and 42572 columns (presolve time = 110s) ...
Presolve removed 100 rows and 42572 columns (presolve time = 115s) ...
Presolve removed 100 rows and 42572 columns (presolve time = 120s) ...
Presolve removed 100 rows and 42572 columns (presolve time = 125s) ...
Presolve removed 100 rows and 42572 columns (presolve time = 130s) ...
Presolve removed 100 rows and 42572 columns (presolve time = 135s) ...
Presolve removed 100 rows and 42572 columns (presolve time = 140s) ...
Presolve removed 100 rows and 42572 columns (presolve time = 145s) ...
Presolve removed 100 rows and 42572 columns (presolve time = 150s) ...
Presolve removed 100 rows and 42572 columns (presolve time = 155s) ...
Presolve removed 100 rows and 42572 columns (presolve time = 160s) ...
Presolve removed 100 rows and 42572 columns (presolve time = 166s) ...
Presolve removed 100 rows and 42572 columns (presolve time = 171s) ...
Presolve removed 100 rows and 42572 columns (presolve time = 175s) ...
Presolve removed 100 rows and 42572 columns (presolve time = 180s) ...
Presolve removed 100 rows and 42572 columns (presolve time = 185s) ...
Presolve removed 100 rows and 42572 columns (presolve time = 190s) ...
Presolve removed 100 rows and 42572 columns (presolve time = 195s) ...
Presolve removed 100 rows and 42572 columns (presolve time = 200s) ...
Presolve removed 100 rows and 42572 columns (presolve time = 205s) ...
Presolve removed 100 rows and 42572 columns (presolve time = 210s) ...
Presolve removed 100 rows and 42572 columns (presolve time = 215s) ...
Presolve removed 100 rows and 42572 columns (presolve time = 220s) ...
Presolve removed 100 rows and 42572 columns (presolve time = 225s) ...
Presolve removed 100 rows and 42572 columns (presolve time = 230s) ...
Presolve removed 100 rows and 42572 columns (presolve time = 235s) ...
Presolve removed 100 rows and 42572 columns (presolve time = 240s) ...
Presolve removed 200 rows and 42572 columns (presolve time = 250s) ...
Presolve removed 200 rows and 143021 columns (presolve time = 2104s) ...
Presolve removed 200 rows and 143021 columns (presolve time = 2105s) ...
Presolve removed 200 rows and 151589 columns (presolve time = 2111s) ...
Presolve removed 200 rows and 151589 columns (presolve time = 2115s) ...
Presolve removed 200 rows and 159501 columns (presolve time = 2120s) ...
Presolve removed 200 rows and 159501 columns (presolve time = 2125s) ...
Presolve removed 200 rows and 159501 columns (presolve time = 2130s) ...
Presolve removed 200 rows and 159501 columns (presolve time = 2135s) ...
Presolve removed 200 rows and 159501 columns (presolve time = 2140s) ...
Presolve removed 200 rows and 159501 columns (presolve time = 2145s) ...
Presolve removed 200 rows and 159501 columns (presolve time = 2150s) ...
Presolve removed 200 rows and 159501 columns (presolve time = 2155s) ...
Presolve removed 200 rows and 159501 columns (presolve time = 2160s) ...
Presolve removed 200 rows and 159501 columns (presolve time = 2165s) ...
Presolve removed 200 rows and 159501 columns (presolve time = 2170s) ...
Presolve removed 200 rows and 159501 columns (presolve time = 2175s) ...
Presolve removed 200 rows and 159502 columns (presolve time = 2180s) ...
Presolve removed 200 rows and 159502 columns (presolve time = 2185s) ...
Presolve removed 200 rows and 159502 columns (presolve time = 2190s) ...
Presolve removed 200 rows and 159502 columns (presolve time = 2197s) ...
Presolve removed 200 rows and 159502 columns (presolve time = 2200s) ...
Presolve removed 200 rows and 164254 columns (presolve time = 2205s) ...
Presolve removed 200 rows and 164254 columns (presolve time = 2210s) ...
Presolve removed 200 rows and 164254 columns (presolve time = 2215s) ...
Presolve removed 200 rows and 164254 columns (presolve time = 2220s) ...
Presolve removed 200 rows and 164254 columns (presolve time = 2225s) ...
Presolve removed 200 rows and 164254 columns (presolve time = 2230s) ...
Presolve removed 200 rows and 164254 columns (presolve time = 2235s) ...
Presolve removed 200 rows and 164254 columns (presolve time = 2240s) ...
Presolve removed 200 rows and 164254 columns (presolve time = 2245s) ...
Presolve removed 200 rows and 164254 columns (presolve time = 2250s) ...
Presolve removed 200 rows and 164254 columns (presolve time = 2255s) ...
Presolve removed 200 rows and 164254 columns (presolve time = 2264s) ...
Presolve removed 200 rows and 234905 columns (presolve time = 4318s) ...
Presolve removed 200 rows and 234905 columns (presolve time = 4321s) ...
Presolve removed 200 rows and 234905 columns (presolve time = 4334s) ...
Presolve removed 200 rows and 234905 columns (presolve time = 4335s) ...
Presolve removed 200 rows and 234905 columns (presolve time = 4342s) ...
Presolve removed 200 rows and 234905 columns (presolve time = 4345s) ...
Presolve removed 200 rows and 236827 columns (presolve time = 4351s) ...
Presolve removed 200 rows and 236827 columns (presolve time = 4355s) ...
Presolve removed 200 rows and 236827 columns (presolve time = 4360s) ...
Presolve removed 200 rows and 236827 columns (presolve time = 4365s) ...
Presolve removed 200 rows and 236827 columns (presolve time = 4370s) ...
Presolve removed 200 rows and 236827 columns (presolve time = 4375s) ...
Presolve removed 200 rows and 236827 columns (presolve time = 4380s) ...
Presolve removed 200 rows and 236827 columns (presolve time = 4385s) ...
Presolve removed 200 rows and 236827 columns (presolve time = 4390s) ...
Presolve removed 200 rows and 236827 columns (presolve time = 4395s) ...
Presolve removed 200 rows and 236827 columns (presolve time = 4400s) ...
Presolve removed 200 rows and 236827 columns (presolve time = 4405s) ...
Presolve removed 200 rows and 236827 columns (presolve time = 4410s) ...
Presolve removed 200 rows and 236827 columns (presolve time = 4415s) ...
Presolve removed 200 rows and 236827 columns (presolve time = 4420s) ...
Presolve removed 200 rows and 236827 columns (presolve time = 4425s) ...
Presolve removed 200 rows and 236827 columns (presolve time = 4430s) ...
Presolve removed 200 rows and 236827 columns (presolve time = 4435s) ...
Presolve removed 200 rows and 236827 columns (presolve time = 4440s) ...
Presolve removed 200 rows and 236827 columns (presolve time = 4445s) ...
Presolve removed 200 rows and 236827 columns (presolve time = 4450s) ...
Presolve removed 200 rows and 236827 columns (presolve time = 4455s) ...
Presolve removed 200 rows and 236827 columns (presolve time = 4460s) ...
Presolve removed 200 rows and 236827 columns (presolve time = 4465s) ...
Presolve removed 200 rows and 236827 columns (presolve time = 4470s) ...
Presolve removed 200 rows and 236827 columns (presolve time = 4475s) ...
Presolve removed 200 rows and 236827 columns (presolve time = 4480s) ...
Presolve removed 200 rows and 236827 columns (presolve time = 4485s) ...
Presolve removed 200 rows and 236827 columns (presolve time = 4490s) ...
Presolve removed 200 rows and 236827 columns (presolve time = 4495s) ...
Presolve removed 200 rows and 236827 columns (presolve time = 4500s) ...
Presolve removed 200 rows and 236827 columns (presolve time = 4505s) ...
Presolve removed 200 rows and 236827 columns (presolve time = 4510s) ...
Presolve removed 200 rows and 236827 columns (presolve time = 4515s) ...
Presolve removed 200 rows and 236827 columns (presolve time = 4520s) ...
Presolve removed 200 rows and 236827 columns (presolve time = 4525s) ...
Presolve removed 200 rows and 236827 columns (presolve time = 4530s) ...
Presolve removed 200 rows and 236827 columns (presolve time = 4535s) ...
Presolve removed 200 rows and 236827 columns (presolve time = 4540s) ...
Presolve removed 200 rows and 236827 columns (presolve time = 4545s) ...
Presolve removed 200 rows and 236827 columns (presolve time = 4564s) ...
Presolve removed 200 rows and 304386 columns (presolve time = 6476s) ...
Presolve removed 200 rows and 304386 columns (presolve time = 6482s) ...
Presolve removed 200 rows and 304386 columns (presolve time = 6485s) ...
Presolve removed 200 rows and 305188 columns (presolve time = 6490s) ...
Presolve removed 200 rows and 305188 columns (presolve time = 6495s) ...
Presolve removed 200 rows and 305188 columns (presolve time = 6500s) ...
Presolve removed 200 rows and 305188 columns (presolve time = 6505s) ...
Presolve removed 200 rows and 305188 columns (presolve time = 6510s) ...
Presolve removed 200 rows and 305188 columns (presolve time = 6515s) ...
Presolve removed 200 rows and 305188 columns (presolve time = 6520s) ...
Presolve removed 200 rows and 305188 columns (presolve time = 6525s) ...
Presolve removed 200 rows and 305188 columns (presolve time = 6530s) ...
Presolve removed 200 rows and 305188 columns (presolve time = 6535s) ...
Presolve removed 200 rows and 305188 columns (presolve time = 6540s) ...
Presolve removed 200 rows and 305188 columns (presolve time = 6549s) ...
Presolve removed 200 rows and 370441 columns (presolve time = 8415s) ...
Presolve removed 200 rows and 370441 columns (presolve time = 8415s) ...
Presolve removed 200 rows and 370441 columns (presolve time = 8420s) ...
Presolve removed 200 rows and 370441 columns (presolve time = 8425s) ...
Presolve removed 200 rows and 370787 columns (presolve time = 8430s) ...
Presolve removed 200 rows and 370787 columns (presolve time = 8435s) ...
Presolve removed 200 rows and 370787 columns (presolve time = 8440s) ...
Presolve removed 200 rows and 370787 columns (presolve time = 8445s) ...
Presolve removed 200 rows and 370787 columns (presolve time = 8450s) ...
Presolve removed 200 rows and 370787 columns (presolve time = 8455s) ...
Presolve removed 200 rows and 370787 columns (presolve time = 8460s) ...
Presolve removed 200 rows and 370787 columns (presolve time = 8465s) ...
Presolve removed 200 rows and 370787 columns (presolve time = 8470s) ...
Presolve removed 200 rows and 370787 columns (presolve time = 8475s) ...
Presolve removed 200 rows and 370787 columns (presolve time = 8480s) ...
Presolve removed 200 rows and 370787 columns (presolve time = 8485s) ...
Presolve removed 200 rows and 370787 columns (presolve time = 8490s) ...
Presolve removed 200 rows and 370787 columns (presolve time = 8502s) ...
Presolve removed 200 rows and 426464 columns (presolve time = 10146s) ...
Presolve removed 100 rows and 426364 columns
Presolve time: 10145.90s
Presolved: 5401 rows, 3207212 columns, 9586649 nonzeros
Variable types: 0 continuous, 3207212 integer (3207112 binary)
Presolve removed 1 rows and 243321 columns (presolve time = 5s) ...
Presolve removed 1 rows and 243321 columns (presolve time = 10s) ...
Presolve removed 1 rows and 243321 columns (presolve time = 16s) ...
Presolve removed 1 rows and 243321 columns
Presolved: 5400 rows, 2963891 columns, 8860063 nonzeros


Root simplex log...

Iteration    Objective       Primal Inf.    Dual Inf.      Time
       0    0.0000000e+00   1.569625e+03   0.000000e+00  10183s

Starting sifting (using dual simplex for sub-problems)...

    Iter     Pivots    Primal Obj      Dual Obj        Time
       0          0     infinity      0.0000000e+00  10183s
       1       2232   1.6531568e+09   7.7220746e+02  10184s
       2       5393   1.0787075e+09   9.7441344e+02  10185s
       3       8086   1.0345137e+09   2.0401849e+03  10186s
       4      10425   9.4812555e+08   2.2260735e+03  10187s
       5      12501   9.4812132e+08   3.9237779e+03  10187s
       6      14394   5.4195492e+08   4.3967010e+03  10188s
       7      16175   5.2788420e+08   4.9366493e+03  10189s
       8      18039   4.0970606e+08   5.2724033e+03  10190s
       9      19937   3.9138340e+08   5.6994618e+03  10191s
      10      21747   3.6619429e+08   6.0706834e+03  10192s
      11      23525   3.5874188e+08   6.3970689e+03  10192s
      12      25792   1.1903889e+08   6.5583800e+03  10193s
      13      27862   1.0574790e+08   6.8796297e+03  10194s
      14      30544   5.9834463e+05   6.9553312e+03  10195s
      15      32989   3.5122682e+05   7.1317551e+03  10196s
      16      35441   2.1923335e+05   7.3888804e+03  10197s
      17      37891   1.7278161e+05   7.5832990e+03  10198s
      18      40228   1.1941791e+05   8.2170713e+03  10199s
      19      42675   1.0515399e+05   9.3127079e+03  10200s
      20      45637   8.1149422e+04   9.8835255e+03  10202s
      21      48175   7.1225723e+04   1.2969746e+04  10203s
      22      50965   6.7159211e+04   1.7055654e+04  10204s
      23      53472   6.5836134e+04   2.1240688e+04  10205s
      24      55858   6.5538985e+04   2.8093833e+04  10206s
      25      58068   6.5382046e+04   3.1755735e+04  10207s
      26      60410   6.5333508e+04   3.2887231e+04  10208s
      27      62668   6.5307606e+04   5.1830311e+04  10209s
      28      64902   6.5304209e+04   6.3367693e+04  10210s
      29      66709   6.5303877e+04   6.4326950e+04  10211s
      30      68478   6.5303751e+04   6.5193980e+04  10212s

Sifting complete

   70065    6.5303670e+04   0.000000e+00   0.000000e+00  10212s
   70065    6.5303670e+04   0.000000e+00   0.000000e+00  10214s

Root relaxation: objective 6.530367e+04, 70065 iterations, 48.74 seconds
Total elapsed time = 10216.06s

    Nodes    |    Current Node    |     Objective Bounds      |     Work
 Expl Unexpl |  Obj  Depth IntInf | Incumbent    BestBd   Gap | It/Node Time

     0     0 65303.6699    0  373 68980.2620 65303.6699  5.33%     - 10229s
H    0     0                    68976.073532 65303.6699  5.32%     - 10384s
     0     0 65332.2685    0  379 68976.0735 65332.2685  5.28%     - 10823s
     0     0 65332.2685    0  375 68976.0735 65332.2685  5.28%     - 12138s
     0     0 65335.1894    0  376 68976.0735 65335.1894  5.28%     - 13060s
     0     0 65355.1242    0  424 68976.0735 65355.1242  5.25%     - 13172s
     0     0 65788.4552    0  414 68976.0735 65788.4552  4.62%     - 13231s
     0     0 65963.4292    0  425 68976.0735 65963.4292  4.37%     - 13273s
     0     0 66091.4547    0  433 68976.0735 66091.4547  4.18%     - 13305s
     0     0 66213.5885    0  439 68976.0735 66213.5885  4.00%     - 13352s
     0     0 66278.4766    0  439 68976.0735 66278.4766  3.91%     - 13382s
     0     0 66343.9032    0  417 68976.0735 66343.9032  3.82%     - 13427s
     0     0 66379.1241    0  432 68976.0735 66379.1241  3.77%     - 13457s
     0     0 66399.3296    0  431 68976.0735 66399.3296  3.74%     - 13496s
     0     0 66441.6938    0  427 68976.0735 66441.6938  3.67%     - 13529s
     0     0 66486.6423    0  456 68976.0735 66486.6423  3.61%     - 13561s
     0     0 66535.8899    0  459 68976.0735 66535.8899  3.54%     - 13597s
     0     0 66685.9252    0  448 68976.0735 66685.9252  3.32%     - 13633s
     0     0 66830.5604    0  475 68976.0735 66830.5604  3.11%     - 13675s
     0     0 66874.5736    0  483 68976.0735 66874.5736  3.05%     - 13718s
     0     0 66917.3778    0  483 68976.0735 66917.3778  2.98%     - 13786s
     0     0 66924.1625    0  491 68976.0735 66924.1625  2.97%     - 13815s
     0     0 66936.4594    0  480 68976.0735 66936.4594  2.96%     - 13867s
     0     0 66942.5962    0  492 68976.0735 66942.5962  2.95%     - 13902s
     0     0 66942.5962    0  493 68976.0735 66942.5962  2.95%     - 13911s
     0     0 67074.7408    0  526 68976.0735 67074.7408  2.76%     - 14653s
     0     0 67074.7408    0  373 68976.0735 67074.7408  2.76%     - 15677s
     0     0 67074.7408    0  383 68976.0735 67074.7408  2.76%     - 16214s
H    0     0                    68971.112779 67074.7408  2.75%     - 16714s
     0     0 67074.7408    0  391 68971.1128 67074.7408  2.75%     - 16734s
     0     0 67074.7408    0  417 68971.1128 67074.7408  2.75%     - 16774s
     0     0 67074.7408    0  422 68971.1128 67074.7408  2.75%     - 16806s
     0     0 67074.7408    0  423 68971.1128 67074.7408  2.75%     - 16838s
     0     0 67074.7408    0  429 68971.1128 67074.7408  2.75%     - 16877s
     0     0 67074.7408    0  448 68971.1128 67074.7408  2.75%     - 16911s
     0     0 67074.7408    0  448 68971.1128 67074.7408  2.75%     - 16960s
     0     0 67074.7408    0  443 68971.1128 67074.7408  2.75%     - 16993s
     0     0 67074.7408    0  463 68971.1128 67074.7408  2.75%     - 17033s
     0     0 67074.7408    0  456 68971.1128 67074.7408  2.75%     - 17073s
     0     0 67074.7408    0  452 68971.1128 67074.7408  2.75%     - 17122s
     0     0 67074.7408    0  457 68971.1128 67074.7408  2.75%     - 17171s
     0     0 67074.7408    0  457 68971.1128 67074.7408  2.75%     - 17213s
     0     0 67074.7408    0  468 68971.1128 67074.7408  2.75%     - 17243s
     0     0 67112.0227    0  485 68971.1128 67112.0227  2.70%     - 17299s
     0     0 67119.9093    0  492 68971.1128 67119.9093  2.68%     - 17333s
     0     0 67156.9908    0  498 68971.1128 67156.9908  2.63%     - 17368s
     0     0 67157.5843    0  502 68971.1128 67157.5843  2.63%     - 17392s
     0     0 67254.3441    0  517 68971.1128 67254.3441  2.49%     - 17964s
     0     0 67287.6136    0  546 68971.1128 67287.6136  2.44%     - 18078s
     0     0 67308.2424    0  557 68971.1128 67308.2424  2.41%     - 18128s
     0     0 67316.9695    0  551 68971.1128 67316.9695  2.40%     - 18171s
     0     0 67326.8046    0  569 68971.1128 67326.8046  2.38%     - 18250s
     0     0 67341.2902    0  568 68971.1128 67341.2902  2.36%     - 18333s
     0     0 67378.2164    0  582 68971.1128 67378.2164  2.31%     - 18434s
     0     0 67459.6676    0  588 68971.1128 67459.6676  2.19%     - 18560s
     0     0 67465.0201    0  592 68971.1128 67465.0201  2.18%     - 18603s
     0     0 67478.6849    0  595 68971.1128 67478.6849  2.16%     - 18654s
     0     0 67485.6593    0  613 68971.1128 67485.6593  2.15%     - 18688s
     0     0 67488.0569    0  631 68971.1128 67488.0569  2.15%     - 18723s
     0     0 67489.4740    0  642 68971.1128 67489.4740  2.15%     - 18760s
     0     0 67492.0131    0  640 68971.1128 67492.0131  2.14%     - 18815s
     0     0 67492.8809    0  637 68971.1128 67492.8809  2.14%     - 18845s
     0     0 67499.0783    0  642 68971.1128 67499.0783  2.13%     - 18910s
     0     0 67500.3160    0  657 68971.1128 67500.3160  2.13%     - 18939s
     0     0 67505.7427    0  640 68971.1128 67505.7427  2.12%     - 19017s
     0     0 67505.8574    0  651 68971.1128 67505.8574  2.12%     - 19037s
     0     0 67525.9990    0  631 68971.1128 67525.9990  2.10%     - 19727s
     0     0 67533.9960    0  652 68971.1128 67533.9960  2.08%     - 22422s
     0     0 67538.3668    0  647 68971.1128 67538.3668  2.08%     - 22454s
     0     0 67552.3161    0  628 68971.1128 67552.3161  2.06%     - 22511s
     0     0 67557.5123    0  638 68971.1128 67557.5123  2.05%     - 22542s
     0     0 67571.3268    0  634 68971.1128 67571.3268  2.03%     - 22579s
     0     0 67574.5576    0  653 68971.1128 67574.5576  2.02%     - 22605s
     0     0 67578.3334    0  658 68971.1128 67578.3334  2.02%     - 22627s
     0     0 67580.6164    0  661 68971.1128 67580.6164  2.02%     - 22654s
     0     0 67581.4819    0  675 68971.1128 67581.4819  2.01%     - 22668s
     0     0 67600.1324    0  698 68971.1128 67600.1324  1.99%     - 23107s
     0     0 67605.3847    0  710 68971.1128 67605.3847  1.98%     - 23172s
     0     0 67617.2278    0  723 68971.1128 67617.2278  1.96%     - 23229s
     0     0 67620.5262    0  726 68971.1128 67620.5262  1.96%     - 23259s
     0     0 67622.4309    0  737 68971.1128 67622.4309  1.96%     - 23286s
     0     0 67624.3341    0  757 68971.1128 67624.3341  1.95%     - 23319s
     0     0 67625.7537    0  767 68971.1128 67625.7537  1.95%     - 23353s
     0     0 67634.0773    0  773 68971.1128 67634.0773  1.94%     - 23912s
     0     0 67637.8168    0  781 68971.1128 67637.8168  1.93%     - 24023s
     0     0 67640.0104    0  803 68971.1128 67640.0104  1.93%     - 24066s
     0     0 67641.1049    0  824 68971.1128 67641.1049  1.93%     - 24118s
     0     0 67646.0710    0  805 68971.1128 67646.0710  1.92%     - 24508s
     0     0 67646.0757    0  796 68971.1128 67646.0757  1.92%     - 25381s
     0     0 67646.0757    0  796 68971.1128 67646.0757  1.92%     - 25432s
H    0     0                    68968.773988 67646.0757  1.92%     - 25504s
     0     0 67646.0757    0  370 68968.7740 67646.0757  1.92%     - 26190s
     0     0 67646.0757    0  392 68968.7740 67646.0757  1.92%     - 26373s
     0     0 67646.0757    0  381 68968.7740 67646.0757  1.92%     - 26415s
     0     0 67646.0757    0  382 68968.7740 67646.0757  1.92%     - 26427s
     0     0 67646.0757    0  399 68968.7740 67646.0757  1.92%     - 26445s
     0     0 67646.0757    0  426 68968.7740 67646.0757  1.92%     - 26458s
     0     0 67646.0757    0  419 68968.7740 67646.0757  1.92%     - 26476s
     0     0 67646.0757    0  429 68968.7740 67646.0757  1.92%     - 26492s
     0     0 67646.0757    0  452 68968.7740 67646.0757  1.92%     - 26510s
     0     0 67646.0757    0  443 68968.7740 67646.0757  1.92%     - 26544s
     0     0 67646.0757    0  441 68968.7740 67646.0757  1.92%     - 26572s
     0     0 67646.0757    0  462 68968.7740 67646.0757  1.92%     - 26588s
     0     0 67646.0757    0  484 68968.7740 67646.0757  1.92%     - 26612s
     0     0 67646.0757    0  494 68968.7740 67646.0757  1.92%     - 26633s
     0     0 67646.0757    0  499 68968.7740 67646.0757  1.92%     - 26652s
     0     0 67646.0757    0  506 68968.7740 67646.0757  1.92%     - 26669s
     0     0 67646.0757    0  503 68968.7740 67646.0757  1.92%     - 26695s
     0     0 67646.0757    0  510 68968.7740 67646.0757  1.92%     - 26729s
     0     0 67646.0757    0  522 68968.7740 67646.0757  1.92%     - 26763s
     0     0 67646.0757    0  556 68968.7740 67646.0757  1.92%     - 26794s
     0     0 67646.0757    0  584 68968.7740 67646.0757  1.92%     - 26838s
     0     0 67646.0757    0  563 68968.7740 67646.0757  1.92%     - 26896s
     0     0 67646.0757    0  605 68968.7740 67646.0757  1.92%     - 26934s
     0     0 67646.0757    0  628 68968.7740 67646.0757  1.92%     - 26973s
     0     0 67646.0757    0  634 68968.7740 67646.0757  1.92%     - 27012s
     0     0 67646.0757    0  672 68968.7740 67646.0757  1.92%     - 27060s
     0     0 67646.0757    0  685 68968.7740 67646.0757  1.92%     - 27094s
     0     0 67646.0757    0  709 68968.7740 67646.0757  1.92%     - 27133s
     0     0 67646.0757    0  711 68968.7740 67646.0757  1.92%     - 27173s
     0     0 67646.0757    0  736 68968.7740 67646.0757  1.92%     - 27200s
     0     0 67649.5190    0  743 68968.7740 67649.5190  1.91%     - 27218s
     0     0 67649.7807    0  752 68968.7740 67649.7807  1.91%     - 27230s
     0     0 67649.8695    0  758 68968.7740 67649.8695  1.91%     - 27240s
     0     0 67656.8736    0  735 68968.7740 67656.8736  1.90%     - 27663s
H    0     0                    68968.727694 67656.8736  1.90%     - 28609s
     0     0 67660.1147    0  790 68968.7277 67660.1147  1.90%     - 28669s
     0     0 67664.2102    0  759 68968.7277 67664.2102  1.89%     - 28754s
     0     0 67668.0548    0  754 68968.7277 67668.0548  1.89%     - 28822s
     0     0 67676.3921    0  759 68968.7277 67676.3921  1.87%     - 28899s
     0     0 67679.0993    0  765 68968.7277 67679.0993  1.87%     - 28963s
     0     0 67680.9561    0  786 68968.7277 67680.9561  1.87%     - 29021s
     0     0 67682.2621    0  766 68968.7277 67682.2621  1.87%     - 29079s
     0     0 67686.6217    0  765 68968.7277 67686.6217  1.86%     - 29803s
     0     0 67688.5957    0  787 68968.7277 67688.5957  1.86%     - 29863s
     0     0 67690.3122    0  802 68968.7277 67690.3122  1.85%     - 29897s
     0     0 67692.2048    0  799 68968.7277 67692.2048  1.85%     - 30733s
     0     0 67692.2048    0  799 68968.7277 67692.2048  1.85%     - 32131s
     0     1 67692.2048    0  798 68968.7277 67692.2048  1.85%     - 32949s
     1     2 67692.2048    1  798 68968.7277 67692.2048  1.85%  14.0 32950s
     2     3 67695.7577    2  826 68968.7277 67692.3855  1.85%  50.5 34393s
     4     4 67699.1529    3  826 68968.7277 67699.1529  1.84%   500 35294s
     7     6 67702.8304    4  815 68968.7277 67702.8304  1.84%   634 35507s
    11     7 67706.5487    5  791 68968.7277 67706.5487  1.83%   588 35812s
    17    10 67710.2710    6  801 68968.7277 67710.2710  1.82%   540 36585s
    24    11 67711.3335    7  796 68968.7277 67711.3335  1.82%   541 36652s
    34    17 67714.3888    8  798 68968.7277 67712.9352  1.82%   427 38649s
    45    22 67717.8800    9  793 68968.7277 67717.8800  1.81%   511 39260s
    61    31 67720.9395   10  779 68968.7277 67718.3082  1.81%   518 39612s
    77    41 67724.5451   11  801 68968.7277 67721.5825  1.81%   460 39701s
    93    56 67727.6175   12  799 68968.7277 67721.5825  1.81%   389 39816s
   121    72 67730.9279   13  786 68968.7277 67721.5825  1.81%   310 39889s
   150    89 67734.0140   14  780 68968.7277 67721.5825  1.81%   258 39979s
   178   110 67736.8937   15  779 68968.7277 67721.5825  1.81%   224 40098s
   213   128 67739.6682   16  797 68968.7277 67721.5825  1.81%   196 40181s
   244   147 67742.3163   17  774 68968.7277 67721.5825  1.81%   177 40295s
   278   169 67746.0021   18  780 68968.7277 67721.5825  1.81%   164 40400s
   311   199 67748.6045   19  787 68968.7277 67721.5825  1.81%   154 40488s
   346   224 67751.1564   20  790 68968.7277 67721.5825  1.81%   145 40575s
   385   251 67753.6310   21  787 68968.7277 67721.5825  1.81%   136 40656s
   424   277 67756.1026   22  793 68968.7277 67721.5825  1.81%   130 40720s
   461   300 67760.8949   24  789 68968.7277 67721.5825  1.81%   125 40772s
   500   335 67763.0936   25  776 68968.7277 67721.5825  1.81%   121 40830s
   543   364 67765.1302   26  761 68968.7277 67721.5825  1.81%   116 40890s
   582   388 67767.0330   27  758 68968.7277 67721.5825  1.81%   113 40955s
   616   423 67768.8775   28  752 68968.7277 67721.5825  1.81%   109 41020s
   665   464 67772.3982   30  746 68968.7277 67721.5825  1.81%   106 41084s
   714   508 67775.7924   32  741 68968.7277 67721.5825  1.81%   102 41141s
   774   543 67779.0063   34  762 68968.7277 67721.5825  1.81%  98.0 41226s
   823   596 67783.4689   37  765 68968.7277 67721.5825  1.81%  95.8 41300s
   899   646 67790.1842   42  755 68968.7277 67721.5825  1.81%  91.3 41369s
   982   719 67794.9655   46  762 68968.7277 67721.5825  1.81%  87.2 41434s
  1078   776 67798.1941   49  752 68968.7277 67721.5825  1.81%  83.1 41507s
  1167   830 67800.9095   52  746 68968.7277 67721.5825  1.81%  80.5 41593s
  1254   890 67811.6613   55  748 68968.7277 67721.5825  1.81%  78.5 41749s
  1348   941 67815.0636   56  730 68968.7277 67721.5825  1.81%  77.2 41853s
  1452   985 67818.4465   57  722 68968.7277 67721.5825  1.81%  74.6 41958s
  1541  1038 67831.6701   61  720 68968.7277 67721.5825  1.81%  73.5 42086s
  1684  1095 67834.7014   62  714 68968.7277 67721.5825  1.81%  70.2 42182s
  1833  1150 67840.5535   64  725 68968.7277 67721.5825  1.81%  67.4 42276s
  1956  1210 67848.3281   67  729 68968.7277 67721.5825  1.81%  65.7 42418s
  2104  1260 67851.8729   69  740 68968.7277 67721.5825  1.81%  63.6 42519s
  2248  1349 67855.0126   71  741 68968.7277 67721.5825  1.81%  62.1 42630s
  2414  1416 67861.9612   76  735 68968.7277 67721.5825  1.81%  60.8 42737s
  2577  1490 67866.5912   81  727 68968.7277 67721.5825  1.81%  59.4 42829s
  2762  1490 68326.4668  117  620 68968.7277 67721.5825  1.81%  57.0 42830s
  2772  1574 67867.8627   83  716 68968.7277 67721.5825  1.81%  57.0 42936s
  2974  1670 67873.6314   91  711 68968.7277 67721.5825  1.81%  55.0 43040s
  3180  1766 67894.9349   98  681 68968.7277 67721.5825  1.81%  53.0 43145s
  3391  1859 67929.9515  109  688 68968.7277 67721.5825  1.81%  51.6 43390s
  3569  1991 67945.7660  114  681 68968.7277 67721.5825  1.81%  51.5 43494s
  3815  2099 67958.0709  119  677 68968.7277 67721.5825  1.81%  49.7 43614s
  4050  2165 67975.5204  125  670 68968.7277 67721.5825  1.81%  48.3 43799s
  4224  2165 infeasible  386      68968.7277 67721.5825  1.81%  48.0 43800s
  4237  2334 67986.2470  127  655 68968.7277 67721.5825  1.81%  48.6 43974s
  4502  2484 67997.4707  131  656 68968.7277 67721.5825  1.81%  47.6 44129s
  4741  2642 68016.2182  138  649 68968.7277 67721.5825  1.81%  46.9 44273s
  5019  2799 68023.3153  141  655 68968.7277 67721.5825  1.81%  45.6 44387s
  5321  2942 68031.5183  145  655 68968.7277 67721.5825  1.81%  44.1 44521s
  5596  3115 68041.8109  151  641 68968.7277 67721.5825  1.81%  42.9 44716s
  5887  3314 68054.2863  161  646 68968.7277 67721.5825  1.81%  42.1 44976s
  6164  3524 68073.7305  177  656 68968.7277 67721.5825  1.81%  42.1 45144s
  6470  3738 68084.9521  189  644 68968.7277 67721.5825  1.81%  41.5 45463s
  6772  3947 68100.5733  209  624 68968.7277 67721.5825  1.81%  41.5 45625s
  7076  4137 68107.4312  219  626 68968.7277 67721.5825  1.81%  41.6 45794s
  7388  4351 68115.6372  233  610 68968.7277 67721.5825  1.81%  41.6 45966s
  7713  4557 68125.9025  255  601 68968.7277 67721.5825  1.81%  41.5 46184s
  8020  4796 68135.2038  273  613 68968.7277 67721.5825  1.81%  41.5 46361s
  8329  5027 68149.6747  292  629 68968.7277 67721.5825  1.81%  41.5 46511s
  8658  5268 68157.3303  312  626 68968.7277 67721.5825  1.81%  41.5 46637s
  8992  5480 68163.3652  334  625 68968.7277 67721.5825  1.81%  41.6 46835s
  9297  5682 68167.5693  356  622 68968.7277 67721.5825  1.81%  41.9 46980s
  9594  5902 68168.2100  378  621 68968.7277 67721.5825  1.81%  41.9 47201s
  9920  6081 68168.2102  400  621 68968.7277 67721.5825  1.81%  42.1 47329s
 10243  6082 68328.5973   64  379 68968.7277 67721.5825  1.81%  41.7 49585s
 10245  6083 68165.9055   59  370 68968.7277 67721.5825  1.81%  41.7 50030s
 10246  6084 68492.2300  124  372 68968.7277 67721.5825  1.81%  41.7 50084s
 10247  6085 68678.8198  320  395 68968.7277 67721.5825  1.81%  41.7 50096s
 10248  6085 68474.8749  284  416 68968.7277 67721.5825  1.81%  41.7 50117s
 10249  6086 68804.5123  143  428 68968.7277 67721.5825  1.81%  41.7 50142s
 10250  6087 68336.0166  349  436 68968.7277 67721.5825  1.81%  41.7 50161s
 10251  6087 68364.7312  100  443 68968.7277 67721.5825  1.81%  41.7 50184s
 10252  6088 68763.9561   73  441 68968.7277 67721.5825  1.81%  41.7 50220s
 10253  6089 68159.8677   86  450 68968.7277 67721.5825  1.81%  41.7 50229s
 10254  6089 68803.7622   52  473 68968.7277 67721.5825  1.81%  41.6 50274s
 10255  6090 68405.2424   87  470 68968.7277 67721.5825  1.81%  41.6 50299s
 10256  6091 68580.1600  192  462 68968.7277 67721.5825  1.81%  41.6 50330s
 10257  6091 68592.3793  318  500 68968.7277 67721.5825  1.81%  41.6 50350s
 10258  6092 68589.1446  257  507 68968.7277 67721.5825  1.81%  41.6 50370s
